<?xml version="1.0" encoding="UTF-8"?>
<testng-results ignored="0" total="1" passed="1" failed="0" skipped="0">
  <reporter-output>
  </reporter-output>
  <suite started-at="2023-08-28T12:21:28 IST" name="UploadTestSuite" finished-at="2023-08-28T12:22:17 IST" duration-ms="49026">
    <groups>
    </groups>
    <test started-at="2023-08-28T12:21:28 IST" name="UploadTests" finished-at="2023-08-28T12:22:17 IST" duration-ms="49026">
      <class name="com.herokuapp.theinternet.uploadtests.UploadTests">
        <test-method is-config="true" signature="setUp(java.lang.String,org.testng.ITestContext)[pri:0, instance:com.herokuapp.theinternet.uploadtests.UploadTests@3349e9bb]" started-at="2023-08-28T12:21:28 IST" name="setUp" finished-at="2023-08-28T12:21:44 IST" duration-ms="16542" status="PASS">
          <params>
            <param index="0">
              <value>
                <![CDATA[chrome]]>
              </value>
            </param>
            <param index="1">
              <value>
                <![CDATA[org.testng.TestRunner@36681447]]>
              </value>
            </param>
          </params>
          <reporter-output>
          </reporter-output>
        </test-method> <!-- setUp -->
        <test-method signature="imageUploadTest()[pri:0, instance:com.herokuapp.theinternet.uploadtests.UploadTests@3349e9bb]" started-at="2023-08-28T12:21:44 IST" name="imageUploadTest" finished-at="2023-08-28T12:22:16 IST" duration-ms="31944" status="PASS">
          <reporter-output>
          </reporter-output>
        </test-method> <!-- imageUploadTest -->
        <test-method is-config="true" signature="tearDown()[pri:0, instance:com.herokuapp.theinternet.uploadtests.UploadTests@3349e9bb]" started-at="2023-08-28T12:22:16 IST" name="tearDown" finished-at="2023-08-28T12:22:17 IST" duration-ms="454" status="PASS">
          <reporter-output>
          </reporter-output>
        </test-method> <!-- tearDown -->
      </class> <!-- com.herokuapp.theinternet.uploadtests.UploadTests -->
    </test> <!-- UploadTests -->
  </suite> <!-- UploadTestSuite -->
</testng-results>
